mode: atomic
github.com/ddanurwenda/relecho/scores/earn.go:14.71,19.71 2 3
github.com/ddanurwenda/relecho/scores/earn.go:19.71,22.73 1 3
github.com/ddanurwenda/relecho/scores/earn.go:36.3,37.13 2 2
github.com/ddanurwenda/relecho/scores/earn.go:22.73,23.40 1 2
github.com/ddanurwenda/relecho/scores/earn.go:28.4,29.40 2 1
github.com/ddanurwenda/relecho/scores/earn.go:23.40,26.5 1 1
github.com/ddanurwenda/relecho/scores/earn.go:30.9,33.4 2 1
github.com/ddanurwenda/relecho/scores/service.go:26.45,30.2 1 3
github.com/ddanurwenda/relecho/todos/clear.go:13.43,15.2 1 1
github.com/ddanurwenda/relecho/todos/create.go:16.63,17.40 1 3
github.com/ddanurwenda/relecho/todos/create.go:23.2,23.20 1 2
github.com/ddanurwenda/relecho/todos/create.go:30.2,31.12 2 1
github.com/ddanurwenda/relecho/todos/create.go:17.40,20.3 2 1
github.com/ddanurwenda/relecho/todos/create.go:23.20,24.72 1 1
github.com/ddanurwenda/relecho/todos/create.go:24.72,27.4 2 1
github.com/ddanurwenda/relecho/todos/delete.go:13.57,15.2 1 1
github.com/ddanurwenda/relecho/todos/search.go:19.81,24.26 2 1
github.com/ddanurwenda/relecho/todos/search.go:28.2,28.29 1 1
github.com/ddanurwenda/relecho/todos/search.go:32.2,33.12 2 1
github.com/ddanurwenda/relecho/todos/search.go:24.26,26.3 1 1
github.com/ddanurwenda/relecho/todos/search.go:28.29,30.3 1 1
github.com/ddanurwenda/relecho/todos/service.go:40.68,48.2 1 10
github.com/ddanurwenda/relecho/todos/todo.go:29.32,31.9 2 9
github.com/ddanurwenda/relecho/todos/todo.go:36.2,36.12 1 9
github.com/ddanurwenda/relecho/todos/todo.go:32.25,33.26 1 3
github.com/ddanurwenda/relecho/todos/todo.go:40.45,50.2 2 1
github.com/ddanurwenda/relecho/todos/update.go:16.86,17.40 1 4
github.com/ddanurwenda/relecho/todos/update.go:23.2,23.39 1 3
github.com/ddanurwenda/relecho/todos/update.go:35.2,36.12 2 1
github.com/ddanurwenda/relecho/todos/update.go:17.40,20.3 2 1
github.com/ddanurwenda/relecho/todos/update.go:23.39,24.72 1 2
github.com/ddanurwenda/relecho/todos/update.go:24.72,27.22 2 2
github.com/ddanurwenda/relecho/todos/update.go:31.4,31.53 1 1
github.com/ddanurwenda/relecho/todos/update.go:27.22,29.5 1 1
github.com/ddanurwenda/relecho/api/handler/handler.go:17.66,21.26 3 20
github.com/ddanurwenda/relecho/api/handler/handler.go:22.14,27.5 1 1
github.com/ddanurwenda/relecho/api/handler/handler.go:28.13,33.5 1 6
github.com/ddanurwenda/relecho/api/handler/handler.go:34.11,34.11 0 3
github.com/ddanurwenda/relecho/api/handler/handler.go:36.10,37.34 1 10
github.com/ddanurwenda/relecho/api/handler/healthz.go:29.63,39.41 4 2
github.com/ddanurwenda/relecho/api/handler/healthz.go:55.2,57.26 2 2
github.com/ddanurwenda/relecho/api/handler/healthz.go:39.41,40.49 1 2
github.com/ddanurwenda/relecho/api/handler/healthz.go:53.3,53.6 1 2
github.com/ddanurwenda/relecho/api/handler/healthz.go:40.49,44.51 3 2
github.com/ddanurwenda/relecho/api/handler/healthz.go:44.51,49.5 3 1
github.com/ddanurwenda/relecho/api/handler/healthz.go:49.10,51.5 1 1
github.com/ddanurwenda/relecho/api/handler/healthz.go:61.49,63.2 1 2
github.com/ddanurwenda/relecho/api/handler/healthz.go:66.27,75.2 3 2
github.com/ddanurwenda/relecho/api/handler/score.go:18.62,26.2 3 1
github.com/ddanurwenda/relecho/api/handler/score.go:29.63,37.2 3 1
github.com/ddanurwenda/relecho/api/handler/score.go:40.48,50.2 4 2
github.com/ddanurwenda/relecho/api/handler/todos.go:33.62,43.46 2 2
github.com/ddanurwenda/relecho/api/handler/todos.go:48.2,49.24 2 2
github.com/ddanurwenda/relecho/api/handler/todos.go:43.46,46.3 2 1
github.com/ddanurwenda/relecho/api/handler/todos.go:53.63,59.62 2 3
github.com/ddanurwenda/relecho/api/handler/todos.go:65.2,65.51 1 2
github.com/ddanurwenda/relecho/api/handler/todos.go:70.2,71.22 2 1
github.com/ddanurwenda/relecho/api/handler/todos.go:59.62,63.3 3 1
github.com/ddanurwenda/relecho/api/handler/todos.go:65.51,68.3 2 1
github.com/ddanurwenda/relecho/api/handler/todos.go:75.61,82.2 2 1
github.com/ddanurwenda/relecho/api/handler/todos.go:85.63,92.62 2 3
github.com/ddanurwenda/relecho/api/handler/todos.go:98.2,98.60 1 2
github.com/ddanurwenda/relecho/api/handler/todos.go:103.2,103.22 1 1
github.com/ddanurwenda/relecho/api/handler/todos.go:92.62,96.3 3 1
github.com/ddanurwenda/relecho/api/handler/todos.go:98.60,101.3 2 1
github.com/ddanurwenda/relecho/api/handler/todos.go:107.64,115.2 3 1
github.com/ddanurwenda/relecho/api/handler/todos.go:118.62,125.2 3 1
github.com/ddanurwenda/relecho/api/handler/todos.go:128.53,129.71 1 39
github.com/ddanurwenda/relecho/api/handler/todos.go:129.71,136.75 2 7
github.com/ddanurwenda/relecho/api/handler/todos.go:144.3,145.40 2 5
github.com/ddanurwenda/relecho/api/handler/todos.go:136.75,137.39 1 2
github.com/ddanurwenda/relecho/api/handler/todos.go:141.4,141.14 1 1
github.com/ddanurwenda/relecho/api/handler/todos.go:137.39,140.5 2 1
github.com/ddanurwenda/relecho/api/handler/todos.go:150.69,165.2 8 13
